<?xml version="1.0" encoding="UTF-8"?>
<!-- Generated by org.testng.reporters.JUnitXMLReporter -->
<testsuite ignored="0" hostname="EPINPUNW03CD" failures="0" tests="5" name="check Addition" time="0.092" errors="0" timestamp="2023-04-15T22:55:54 IST">
  <testcase classname="TestScripts.CalculatorTest" name="addTest" time="0.013"/>
  <testcase classname="TestScripts.CalculatorTest" name="divideTest" time="0.001"/>
  <testcase classname="TestScripts.CalculatorTest" name="multiplyTest" time="0.001"/>
  <testcase classname="TestScripts.CalculatorTest" name="substractTest" time="0.001"/>
  <testcase classname="TestScripts.CalculatorTest" name="verifyIsNumberPositive" time="0.002"/>
</testsuite> <!-- check Addition -->
