<?xml version="1.0" encoding="UTF-8"?>
<testng-results ignored="0" total="10" passed="10" failed="0" skipped="0">
  <reporter-output>
  </reporter-output>
  <suite started-at="2023-04-15T22:55:53 IST" name="Calculator" finished-at="2023-04-15T22:55:54 IST" duration-ms="191">
    <groups>
      <group name="Calculator">
        <method signature="CalculatorTest.addTest(double,double)[pri:0, instance:TestScripts.CalculatorTest@4dbb42b7]" name="addTest" class="TestScripts.CalculatorTest"/>
        <method signature="CalculatorTest.divideTest()[pri:0, instance:TestScripts.CalculatorTest@4dbb42b7]" name="divideTest" class="TestScripts.CalculatorTest"/>
        <method signature="CalculatorTest.multiplyTest()[pri:0, instance:TestScripts.CalculatorTest@4dbb42b7]" name="multiplyTest" class="TestScripts.CalculatorTest"/>
        <method signature="CalculatorTest.substractTest()[pri:0, instance:TestScripts.CalculatorTest@4dbb42b7]" name="substractTest" class="TestScripts.CalculatorTest"/>
        <method signature="CalculatorTest.verifyIsNumberPositive()[pri:0, instance:TestScripts.CalculatorTest@4dbb42b7]" name="verifyIsNumberPositive" class="TestScripts.CalculatorTest"/>
        <method signature="CalculatorTest.addTest(double,double)[pri:0, instance:TestScripts.CalculatorTest@63376bed]" name="addTest" class="TestScripts.CalculatorTest"/>
        <method signature="CalculatorTest.divideTest()[pri:0, instance:TestScripts.CalculatorTest@63376bed]" name="divideTest" class="TestScripts.CalculatorTest"/>
        <method signature="CalculatorTest.multiplyTest()[pri:0, instance:TestScripts.CalculatorTest@63376bed]" name="multiplyTest" class="TestScripts.CalculatorTest"/>
        <method signature="CalculatorTest.substractTest()[pri:0, instance:TestScripts.CalculatorTest@63376bed]" name="substractTest" class="TestScripts.CalculatorTest"/>
        <method signature="CalculatorTest.verifyIsNumberPositive()[pri:0, instance:TestScripts.CalculatorTest@63376bed]" name="verifyIsNumberPositive" class="TestScripts.CalculatorTest"/>
      </group> <!-- Calculator -->
    </groups>
    <test started-at="2023-04-15T22:55:53 IST" name="check Addition" finished-at="2023-04-15T22:55:54 IST" duration-ms="92">
      <class name="TestScripts.CalculatorTest">
        <test-method signature="addTest(double,double)[pri:0, instance:TestScripts.CalculatorTest@4dbb42b7]" started-at="2023-04-15T22:55:54 IST" name="addTest" data-provider="test_data" finished-at="2023-04-15T22:55:54 IST" duration-ms="13" status="PASS">
          <params>
            <param index="0">
              <value>
                <![CDATA[5.0]]>
              </value>
            </param>
            <param index="1">
              <value>
                <![CDATA[4.0]]>
              </value>
            </param>
          </params>
          <reporter-output>
          </reporter-output>
        </test-method> <!-- addTest -->
        <test-method signature="divideTest()[pri:0, instance:TestScripts.CalculatorTest@4dbb42b7]" started-at="2023-04-15T22:55:54 IST" name="divideTest" finished-at="2023-04-15T22:55:54 IST" duration-ms="1" status="PASS">
          <reporter-output>
          </reporter-output>
        </test-method> <!-- divideTest -->
        <test-method signature="multiplyTest()[pri:0, instance:TestScripts.CalculatorTest@4dbb42b7]" started-at="2023-04-15T22:55:54 IST" name="multiplyTest" finished-at="2023-04-15T22:55:54 IST" duration-ms="1" status="PASS">
          <reporter-output>
          </reporter-output>
        </test-method> <!-- multiplyTest -->
        <test-method signature="substractTest()[pri:0, instance:TestScripts.CalculatorTest@4dbb42b7]" started-at="2023-04-15T22:55:54 IST" name="substractTest" finished-at="2023-04-15T22:55:54 IST" duration-ms="1" status="PASS">
          <reporter-output>
          </reporter-output>
        </test-method> <!-- substractTest -->
        <test-method signature="verifyIsNumberPositive()[pri:0, instance:TestScripts.CalculatorTest@4dbb42b7]" started-at="2023-04-15T22:55:54 IST" name="verifyIsNumberPositive" finished-at="2023-04-15T22:55:54 IST" duration-ms="2" status="PASS">
          <reporter-output>
          </reporter-output>
        </test-method> <!-- verifyIsNumberPositive -->
      </class> <!-- TestScripts.CalculatorTest -->
    </test> <!-- check Addition -->
    <test started-at="2023-04-15T22:55:54 IST" name="check Addition1" finished-at="2023-04-15T22:55:54 IST" duration-ms="11">
      <class name="TestScripts.CalculatorTest">
        <test-method signature="addTest(double,double)[pri:0, instance:TestScripts.CalculatorTest@63376bed]" started-at="2023-04-15T22:55:54 IST" name="addTest" data-provider="test_data" finished-at="2023-04-15T22:55:54 IST" duration-ms="0" status="PASS">
          <params>
            <param index="0">
              <value>
                <![CDATA[5.0]]>
              </value>
            </param>
            <param index="1">
              <value>
                <![CDATA[4.0]]>
              </value>
            </param>
          </params>
          <reporter-output>
          </reporter-output>
        </test-method> <!-- addTest -->
        <test-method signature="divideTest()[pri:0, instance:TestScripts.CalculatorTest@63376bed]" started-at="2023-04-15T22:55:54 IST" name="divideTest" finished-at="2023-04-15T22:55:54 IST" duration-ms="1" status="PASS">
          <reporter-output>
          </reporter-output>
        </test-method> <!-- divideTest -->
        <test-method signature="multiplyTest()[pri:0, instance:TestScripts.CalculatorTest@63376bed]" started-at="2023-04-15T22:55:54 IST" name="multiplyTest" finished-at="2023-04-15T22:55:54 IST" duration-ms="0" status="PASS">
          <reporter-output>
          </reporter-output>
        </test-method> <!-- multiplyTest -->
        <test-method signature="substractTest()[pri:0, instance:TestScripts.CalculatorTest@63376bed]" started-at="2023-04-15T22:55:54 IST" name="substractTest" finished-at="2023-04-15T22:55:54 IST" duration-ms="0" status="PASS">
          <reporter-output>
          </reporter-output>
        </test-method> <!-- substractTest -->
        <test-method signature="verifyIsNumberPositive()[pri:0, instance:TestScripts.CalculatorTest@63376bed]" started-at="2023-04-15T22:55:54 IST" name="verifyIsNumberPositive" finished-at="2023-04-15T22:55:54 IST" duration-ms="0" status="PASS">
          <reporter-output>
          </reporter-output>
        </test-method> <!-- verifyIsNumberPositive -->
      </class> <!-- TestScripts.CalculatorTest -->
    </test> <!-- check Addition1 -->
  </suite> <!-- Calculator -->
</testng-results>
